This file contains any messages produced by compilers while
running configure, to aid debugging if configure makes a mistake.

It was created by MP4v2 configure 2.0.0, which was
generated by GNU Autoconf 2.65.  Invocation command line was

  $ ./configure --with-pic CFLAGS=-fPIC CXXFLAGS=-fPIC

## --------- ##
## Platform. ##
## --------- ##

hostname = ubuntu-System-Product-Name
uname -m = x86_64
uname -r = 5.0.0-23-generic
uname -s = Linux
uname -v = #24~18.04.1-Ubuntu SMP Mon Jul 29 16:12:28 UTC 2019

/usr/bin/uname -p = unknown
/bin/uname -X     = unknown

/bin/arch              = unknown
/usr/bin/arch -k       = unknown
/usr/convex/getsysinfo = unknown
/usr/bin/hostinfo      = unknown
/bin/machine           = unknown
/usr/bin/oslevel       = unknown
/bin/universe          = unknown

PATH: /usr/local/sbin
PATH: /usr/local/bin
PATH: /usr/sbin
PATH: /usr/bin
PATH: /sbin
PATH: /bin
PATH: /snap/bin


## ----------- ##
## Core tests. ##
## ----------- ##

configure:2412:
  -->
  --> Configuring MP4v2 2.0.0
  -->
configure:2457: checking for a BSD-compatible install
configure:2525: result: /usr/bin/install -c
configure:2536: checking whether build environment is sane
configure:2586: result: yes
configure:2727: checking for a thread-safe mkdir -p
configure:2766: result: /bin/mkdir -p
configure:2779: checking for gawk
configure:2809: result: no
configure:2779: checking for mawk
configure:2795: found /usr/bin/mawk
configure:2806: result: mawk
configure:2817: checking whether make sets $(MAKE)
configure:2839: result: yes
configure:2931: checking build system type
configure:2945: result: x86_64-unknown-linux-gnu
configure:2965: checking host system type
configure:2978: result: x86_64-unknown-linux-gnu
configure:3120: checking for g++
configure:3136: found /usr/bin/g++
configure:3147: result: g++
configure:3174: checking for C++ compiler version
configure:3183: g++ --version >&5
g++ (Ubuntu 7.4.0-1ubuntu1~18.04.1) 7.4.0
Copyright (C) 2017 Free Software Foundation, Inc.
This is free software; see the source for copying conditions.  There is NO
warranty; not even for MERCHANTABILITY or FITNESS FOR A PARTICULAR PURPOSE.

configure:3194: $? = 0
configure:3183: g++ -v >&5
Using built-in specs.
COLLECT_GCC=g++
COLLECT_LTO_WRAPPER=/usr/lib/gcc/x86_64-linux-gnu/7/lto-wrapper
OFFLOAD_TARGET_NAMES=nvptx-none
OFFLOAD_TARGET_DEFAULT=1
Target: x86_64-linux-gnu
Configured with: ../src/configure -v --with-pkgversion='Ubuntu 7.4.0-1ubuntu1~18.04.1' --with-bugurl=file:///usr/share/doc/gcc-7/README.Bugs --enable-languages=c,ada,c++,go,brig,d,fortran,objc,obj-c++ --prefix=/usr --with-gcc-major-version-only --program-suffix=-7 --program-prefix=x86_64-linux-gnu- --enable-shared --enable-linker-build-id --libexecdir=/usr/lib --without-included-gettext --enable-threads=posix --libdir=/usr/lib --enable-nls --with-sysroot=/ --enable-clocale=gnu --enable-libstdcxx-debug --enable-libstdcxx-time=yes --with-default-libstdcxx-abi=new --enable-gnu-unique-object --disable-vtable-verify --enable-libmpx --enable-plugin --enable-default-pie --with-system-zlib --with-target-system-zlib --enable-objc-gc=auto --enable-multiarch --disable-werror --with-arch-32=i686 --with-abi=m64 --with-multilib-list=m32,m64,mx32 --enable-multilib --with-tune=generic --enable-offload-targets=nvptx-none --without-cuda-driver --enable-checking=release --build=x86_64-linux-gnu --host=x86_64-linux-gnu --target=x86_64-linux-gnu
Thread model: posix
gcc version 7.4.0 (Ubuntu 7.4.0-1ubuntu1~18.04.1) 
configure:3194: $? = 0
configure:3183: g++ -V >&5
g++: error: unrecognized command line option '-V'
g++: fatal error: no input files
compilation terminated.
configure:3194: $? = 1
configure:3183: g++ -qversion >&5
g++: error: unrecognized command line option '-qversion'; did you mean '--version'?
g++: fatal error: no input files
compilation terminated.
configure:3194: $? = 1
configure:3214: checking whether the C++ compiler works
configure:3236: g++ -fPIC   conftest.cpp  >&5
configure:3240: $? = 0
configure:3289: result: yes
configure:3292: checking for C++ compiler default output file name
configure:3294: result: a.out
configure:3300: checking for suffix of executables
configure:3307: g++ -o conftest -fPIC   conftest.cpp  >&5
configure:3311: $? = 0
configure:3333: result: 
configure:3355: checking whether we are cross compiling
configure:3363: g++ -o conftest -fPIC   conftest.cpp  >&5
configure:3367: $? = 0
configure:3374: ./conftest
configure:3378: $? = 0
configure:3393: result: no
configure:3398: checking for suffix of object files
configure:3420: g++ -c -fPIC  conftest.cpp >&5
configure:3424: $? = 0
configure:3445: result: o
configure:3449: checking whether we are using the GNU C++ compiler
configure:3468: g++ -c -fPIC  conftest.cpp >&5
configure:3468: $? = 0
configure:3477: result: yes
configure:3486: checking whether g++ accepts -g
configure:3506: g++ -c -g  conftest.cpp >&5
configure:3506: $? = 0
configure:3547: result: yes
configure:3581: checking for style of include used by make
configure:3609: result: GNU
configure:3634: checking dependency style of g++
configure:3744: result: none
configure:3832: checking for gcc
configure:3848: found /usr/bin/gcc
configure:3859: result: gcc
configure:4088: checking for C compiler version
configure:4097: gcc --version >&5
gcc (Ubuntu 7.4.0-1ubuntu1~18.04.1) 7.4.0
Copyright (C) 2017 Free Software Foundation, Inc.
This is free software; see the source for copying conditions.  There is NO
warranty; not even for MERCHANTABILITY or FITNESS FOR A PARTICULAR PURPOSE.

configure:4108: $? = 0
configure:4097: gcc -v >&5
Using built-in specs.
COLLECT_GCC=gcc
COLLECT_LTO_WRAPPER=/usr/lib/gcc/x86_64-linux-gnu/7/lto-wrapper
OFFLOAD_TARGET_NAMES=nvptx-none
OFFLOAD_TARGET_DEFAULT=1
Target: x86_64-linux-gnu
Configured with: ../src/configure -v --with-pkgversion='Ubuntu 7.4.0-1ubuntu1~18.04.1' --with-bugurl=file:///usr/share/doc/gcc-7/README.Bugs --enable-languages=c,ada,c++,go,brig,d,fortran,objc,obj-c++ --prefix=/usr --with-gcc-major-version-only --program-suffix=-7 --program-prefix=x86_64-linux-gnu- --enable-shared --enable-linker-build-id --libexecdir=/usr/lib --without-included-gettext --enable-threads=posix --libdir=/usr/lib --enable-nls --with-sysroot=/ --enable-clocale=gnu --enable-libstdcxx-debug --enable-libstdcxx-time=yes --with-default-libstdcxx-abi=new --enable-gnu-unique-object --disable-vtable-verify --enable-libmpx --enable-plugin --enable-default-pie --with-system-zlib --with-target-system-zlib --enable-objc-gc=auto --enable-multiarch --disable-werror --with-arch-32=i686 --with-abi=m64 --with-multilib-list=m32,m64,mx32 --enable-multilib --with-tune=generic --enable-offload-targets=nvptx-none --without-cuda-driver --enable-checking=release --build=x86_64-linux-gnu --host=x86_64-linux-gnu --target=x86_64-linux-gnu
Thread model: posix
gcc version 7.4.0 (Ubuntu 7.4.0-1ubuntu1~18.04.1) 
configure:4108: $? = 0
configure:4097: gcc -V >&5
gcc: error: unrecognized command line option '-V'
gcc: fatal error: no input files
compilation terminated.
configure:4108: $? = 1
configure:4097: gcc -qversion >&5
gcc: error: unrecognized command line option '-qversion'; did you mean '--version'?
gcc: fatal error: no input files
compilation terminated.
configure:4108: $? = 1
configure:4112: checking whether we are using the GNU C compiler
configure:4131: gcc -c -fPIC  conftest.c >&5
configure:4131: $? = 0
configure:4140: result: yes
configure:4149: checking whether gcc accepts -g
configure:4169: gcc -c -g  conftest.c >&5
configure:4169: $? = 0
configure:4210: result: yes
configure:4227: checking for gcc option to accept ISO C89
configure:4291: gcc  -c -fPIC  conftest.c >&5
configure:4291: $? = 0
configure:4304: result: none needed
configure:4326: checking dependency style of gcc
configure:4436: result: none
configure:4451: checking for a sed that does not truncate output
configure:4515: result: /bin/sed
configure:4533: checking for grep that handles long lines and -e
configure:4591: result: /bin/grep
configure:4596: checking for egrep
configure:4658: result: /bin/grep -E
configure:4663: checking for fgrep
configure:4725: result: /bin/grep -F
configure:4760: checking for ld used by gcc
configure:4827: result: /usr/bin/ld
configure:4834: checking if the linker (/usr/bin/ld) is GNU ld
configure:4849: result: yes
configure:4861: checking for BSD- or MS-compatible name lister (nm)
configure:4910: result: /usr/bin/nm -B
configure:5028: checking the name lister (/usr/bin/nm -B) interface
configure:5035: gcc -c -fPIC  conftest.c >&5
configure:5038: /usr/bin/nm -B "conftest.o"
configure:5041: output
0000000000000000 B some_variable
configure:5048: result: BSD nm
configure:5051: checking whether ln -s works
configure:5055: result: yes
configure:5063: checking the maximum length of command line arguments
configure:5183: result: 1572864
configure:5200: checking whether the shell understands some XSI constructs
configure:5210: result: yes
configure:5214: checking whether the shell understands "+="
configure:5220: result: yes
configure:5255: checking for /usr/bin/ld option to reload object files
configure:5262: result: -r
configure:5331: checking for objdump
configure:5347: found /usr/bin/objdump
configure:5358: result: objdump
configure:5390: checking how to recognize dependent libraries
configure:5586: result: pass_all
configure:5646: checking for ar
configure:5662: found /usr/bin/ar
configure:5673: result: ar
configure:5751: checking for strip
configure:5767: found /usr/bin/strip
configure:5778: result: strip
configure:5850: checking for ranlib
configure:5866: found /usr/bin/ranlib
configure:5877: result: ranlib
configure:5967: checking command to parse /usr/bin/nm -B output from gcc object
configure:6085: gcc -c -fPIC  conftest.c >&5
configure:6088: $? = 0
configure:6092: /usr/bin/nm -B conftest.o \| sed -n -e 's/^.*[	 ]\([ABCDGIRSTW][ABCDGIRSTW]*\)[	 ][	 ]*\([_A-Za-z][_A-Za-z0-9]*\)$/\1 \2 \2/p' \> conftest.nm
configure:6095: $? = 0
configure:6149: gcc -o conftest -fPIC   conftest.c conftstm.o >&5
configure:6152: $? = 0
configure:6190: result: ok
configure:6286: gcc -c -fPIC  conftest.c >&5
configure:6289: $? = 0
configure:6999: checking how to run the C preprocessor
configure:7030: gcc -E  conftest.c
configure:7030: $? = 0
configure:7044: gcc -E  conftest.c
conftest.c:11:10: fatal error: ac_nonexistent.h: No such file or directory
 #include <ac_nonexistent.h>
          ^~~~~~~~~~~~~~~~~~
compilation terminated.
configure:7044: $? = 1
configure: failed program was:
| /* confdefs.h */
| #define PACKAGE_NAME "MP4v2"
| #define PACKAGE_TARNAME "mp4v2"
| #define PACKAGE_VERSION "2.0.0"
| #define PACKAGE_STRING "MP4v2 2.0.0"
| #define PACKAGE_BUGREPORT "kidjan@gmail.com"
| #define PACKAGE_URL ""
| #define PACKAGE "mp4v2"
| #define VERSION "2.0.0"
| /* end confdefs.h.  */
| #include <ac_nonexistent.h>
configure:7069: result: gcc -E
configure:7089: gcc -E  conftest.c
configure:7089: $? = 0
configure:7103: gcc -E  conftest.c
conftest.c:11:10: fatal error: ac_nonexistent.h: No such file or directory
 #include <ac_nonexistent.h>
          ^~~~~~~~~~~~~~~~~~
compilation terminated.
configure:7103: $? = 1
configure: failed program was:
| /* confdefs.h */
| #define PACKAGE_NAME "MP4v2"
| #define PACKAGE_TARNAME "mp4v2"
| #define PACKAGE_VERSION "2.0.0"
| #define PACKAGE_STRING "MP4v2 2.0.0"
| #define PACKAGE_BUGREPORT "kidjan@gmail.com"
| #define PACKAGE_URL ""
| #define PACKAGE "mp4v2"
| #define VERSION "2.0.0"
| /* end confdefs.h.  */
| #include <ac_nonexistent.h>
configure:7132: checking for ANSI C header files
configure:7152: gcc -c -fPIC  conftest.c >&5
configure:7152: $? = 0
configure:7225: gcc -o conftest -fPIC   conftest.c  >&5
configure:7225: $? = 0
configure:7225: ./conftest
configure:7225: $? = 0
configure:7236: result: yes
configure:7249: checking for sys/types.h
configure:7249: gcc -c -fPIC  conftest.c >&5
configure:7249: $? = 0
configure:7249: result: yes
configure:7249: checking for sys/stat.h
configure:7249: gcc -c -fPIC  conftest.c >&5
configure:7249: $? = 0
configure:7249: result: yes
configure:7249: checking for stdlib.h
configure:7249: gcc -c -fPIC  conftest.c >&5
configure:7249: $? = 0
configure:7249: result: yes
configure:7249: checking for string.h
configure:7249: gcc -c -fPIC  conftest.c >&5
configure:7249: $? = 0
configure:7249: result: yes
configure:7249: checking for memory.h
configure:7249: gcc -c -fPIC  conftest.c >&5
configure:7249: $? = 0
configure:7249: result: yes
configure:7249: checking for strings.h
configure:7249: gcc -c -fPIC  conftest.c >&5
configure:7249: $? = 0
configure:7249: result: yes
configure:7249: checking for inttypes.h
configure:7249: gcc -c -fPIC  conftest.c >&5
configure:7249: $? = 0
configure:7249: result: yes
configure:7249: checking for stdint.h
configure:7249: gcc -c -fPIC  conftest.c >&5
configure:7249: $? = 0
configure:7249: result: yes
configure:7249: checking for unistd.h
configure:7249: gcc -c -fPIC  conftest.c >&5
configure:7249: $? = 0
configure:7249: result: yes
configure:7264: checking for dlfcn.h
configure:7264: gcc -c -fPIC  conftest.c >&5
configure:7264: $? = 0
configure:7264: result: yes
configure:7389: checking for C++ compiler version
configure:7398: g++ --version >&5
g++ (Ubuntu 7.4.0-1ubuntu1~18.04.1) 7.4.0
Copyright (C) 2017 Free Software Foundation, Inc.
This is free software; see the source for copying conditions.  There is NO
warranty; not even for MERCHANTABILITY or FITNESS FOR A PARTICULAR PURPOSE.

configure:7409: $? = 0
configure:7398: g++ -v >&5
Using built-in specs.
COLLECT_GCC=g++
COLLECT_LTO_WRAPPER=/usr/lib/gcc/x86_64-linux-gnu/7/lto-wrapper
OFFLOAD_TARGET_NAMES=nvptx-none
OFFLOAD_TARGET_DEFAULT=1
Target: x86_64-linux-gnu
Configured with: ../src/configure -v --with-pkgversion='Ubuntu 7.4.0-1ubuntu1~18.04.1' --with-bugurl=file:///usr/share/doc/gcc-7/README.Bugs --enable-languages=c,ada,c++,go,brig,d,fortran,objc,obj-c++ --prefix=/usr --with-gcc-major-version-only --program-suffix=-7 --program-prefix=x86_64-linux-gnu- --enable-shared --enable-linker-build-id --libexecdir=/usr/lib --without-included-gettext --enable-threads=posix --libdir=/usr/lib --enable-nls --with-sysroot=/ --enable-clocale=gnu --enable-libstdcxx-debug --enable-libstdcxx-time=yes --with-default-libstdcxx-abi=new --enable-gnu-unique-object --disable-vtable-verify --enable-libmpx --enable-plugin --enable-default-pie --with-system-zlib --with-target-system-zlib --enable-objc-gc=auto --enable-multiarch --disable-werror --with-arch-32=i686 --with-abi=m64 --with-multilib-list=m32,m64,mx32 --enable-multilib --with-tune=generic --enable-offload-targets=nvptx-none --without-cuda-driver --enable-checking=release --build=x86_64-linux-gnu --host=x86_64-linux-gnu --target=x86_64-linux-gnu
Thread model: posix
gcc version 7.4.0 (Ubuntu 7.4.0-1ubuntu1~18.04.1) 
configure:7409: $? = 0
configure:7398: g++ -V >&5
g++: error: unrecognized command line option '-V'
g++: fatal error: no input files
compilation terminated.
configure:7409: $? = 1
configure:7398: g++ -qversion >&5
g++: error: unrecognized command line option '-qversion'; did you mean '--version'?
g++: fatal error: no input files
compilation terminated.
configure:7409: $? = 1
configure:7413: checking whether we are using the GNU C++ compiler
configure:7441: result: yes
configure:7450: checking whether g++ accepts -g
configure:7511: result: yes
configure:7536: checking dependency style of g++
configure:7646: result: none
configure:7669: checking how to run the C++ preprocessor
configure:7696: g++ -E  conftest.cpp
configure:7696: $? = 0
configure:7710: g++ -E  conftest.cpp
conftest.cpp:22:10: fatal error: ac_nonexistent.h: No such file or directory
 #include <ac_nonexistent.h>
          ^~~~~~~~~~~~~~~~~~
compilation terminated.
configure:7710: $? = 1
configure: failed program was:
| /* confdefs.h */
| #define PACKAGE_NAME "MP4v2"
| #define PACKAGE_TARNAME "mp4v2"
| #define PACKAGE_VERSION "2.0.0"
| #define PACKAGE_STRING "MP4v2 2.0.0"
| #define PACKAGE_BUGREPORT "kidjan@gmail.com"
| #define PACKAGE_URL ""
| #define PACKAGE "mp4v2"
| #define VERSION "2.0.0"
| #define STDC_HEADERS 1
| #define HAVE_SYS_TYPES_H 1
| #define HAVE_SYS_STAT_H 1
| #define HAVE_STDLIB_H 1
| #define HAVE_STRING_H 1
| #define HAVE_MEMORY_H 1
| #define HAVE_STRINGS_H 1
| #define HAVE_INTTYPES_H 1
| #define HAVE_STDINT_H 1
| #define HAVE_UNISTD_H 1
| #define HAVE_DLFCN_H 1
| /* end confdefs.h.  */
| #include <ac_nonexistent.h>
configure:7735: result: g++ -E
configure:7755: g++ -E  conftest.cpp
configure:7755: $? = 0
configure:7769: g++ -E  conftest.cpp
conftest.cpp:22:10: fatal error: ac_nonexistent.h: No such file or directory
 #include <ac_nonexistent.h>
          ^~~~~~~~~~~~~~~~~~
compilation terminated.
configure:7769: $? = 1
configure: failed program was:
| /* confdefs.h */
| #define PACKAGE_NAME "MP4v2"
| #define PACKAGE_TARNAME "mp4v2"
| #define PACKAGE_VERSION "2.0.0"
| #define PACKAGE_STRING "MP4v2 2.0.0"
| #define PACKAGE_BUGREPORT "kidjan@gmail.com"
| #define PACKAGE_URL ""
| #define PACKAGE "mp4v2"
| #define VERSION "2.0.0"
| #define STDC_HEADERS 1
| #define HAVE_SYS_TYPES_H 1
| #define HAVE_SYS_STAT_H 1
| #define HAVE_STDLIB_H 1
| #define HAVE_STRING_H 1
| #define HAVE_MEMORY_H 1
| #define HAVE_STRINGS_H 1
| #define HAVE_INTTYPES_H 1
| #define HAVE_STDINT_H 1
| #define HAVE_UNISTD_H 1
| #define HAVE_DLFCN_H 1
| /* end confdefs.h.  */
| #include <ac_nonexistent.h>
configure:7975: checking for objdir
configure:7990: result: .libs
configure:8282: checking if gcc supports -fno-rtti -fno-exceptions
configure:8300: gcc -c -fPIC  -fno-rtti -fno-exceptions conftest.c >&5
cc1: warning: command line option '-fno-rtti' is valid for C++/ObjC++ but not for C
configure:8304: $? = 0
configure:8317: result: no
configure:8337: checking for gcc option to produce PIC
configure:8610: result: -fPIC
configure:8622: checking if gcc PIC flag -fPIC works
configure:8639: gcc -c -fPIC  -fPIC -DPIC conftest.c >&5
configure:8643: $? = 0
configure:8657: result: yes
configure:8681: checking if gcc static flag -static works
configure:8709: result: yes
configure:8724: checking if gcc supports -c -o file.o
configure:8744: gcc -c -fPIC  -o out/conftest2.o conftest.c >&5
configure:8748: $? = 0
configure:8771: result: yes
configure:8779: checking if gcc supports -c -o file.o
configure:8826: result: yes
configure:8859: checking whether the gcc linker (/usr/bin/ld -m elf_x86_64) supports shared libraries
configure:9850: result: yes
configure:9887: checking whether -lc should be explicitly linked in
configure:9892: gcc -c -fPIC  conftest.c >&5
configure:9895: $? = 0
configure:9910: gcc -shared conftest.o  -v -Wl,-soname -Wl,conftest -o conftest 2\>\&1 \| /bin/grep  -lc  \>/dev/null 2\>\&1
configure:9913: $? = 0
configure:9925: result: no
configure:10089: checking dynamic linker characteristics
configure:10522: gcc -o conftest -fPIC   -Wl,-rpath -Wl,/foo conftest.c  >&5
configure:10522: $? = 0
configure:10752: result: GNU/Linux ld.so
configure:10854: checking how to hardcode library paths into programs
configure:10879: result: immediate
configure:11399: checking whether stripping libraries is possible
configure:11404: result: yes
configure:11439: checking if libtool supports shared libraries
configure:11441: result: yes
configure:11444: checking whether to build shared libraries
configure:11465: result: yes
configure:11468: checking whether to build static libraries
configure:11472: result: yes
configure:11622: checking for ld used by g++
configure:11689: result: /usr/bin/ld -m elf_x86_64
configure:11696: checking if the linker (/usr/bin/ld -m elf_x86_64) is GNU ld
configure:11711: result: yes
configure:11766: checking whether the g++ linker (/usr/bin/ld -m elf_x86_64) supports shared libraries
configure:12679: result: yes
configure:12707: g++ -c -fPIC  conftest.cpp >&5
configure:12710: $? = 0
configure:12892: checking for g++ option to produce PIC
configure:13209: result: -fPIC -DPIC
configure:13218: checking if g++ PIC flag -fPIC -DPIC works
configure:13235: g++ -c -fPIC  -fPIC -DPIC -DPIC conftest.cpp >&5
configure:13239: $? = 0
configure:13253: result: yes
configure:13274: checking if g++ static flag -static works
configure:13302: result: yes
configure:13314: checking if g++ supports -c -o file.o
configure:13334: g++ -c -fPIC  -o out/conftest2.o conftest.cpp >&5
configure:13338: $? = 0
configure:13361: result: yes
configure:13366: checking if g++ supports -c -o file.o
configure:13413: result: yes
configure:13443: checking whether the g++ linker (/usr/bin/ld -m elf_x86_64) supports shared libraries
configure:13472: result: yes
configure:13609: checking dynamic linker characteristics
configure:13990: g++ -o conftest -fPIC   -Wl,-rpath -Wl,/foo conftest.cpp  >&5
configure:13990: $? = 0
configure:14220: result: GNU/Linux ld.so
configure:14271: checking how to hardcode library paths into programs
configure:14296: result: immediate
configure:14357: checking for help2man
configure:14385: result: no
configure:14398: checking MP4v2 platform portability
configure:14420: result: posix
configure:14543: checking if g++ supports -fvisibility
configure:14562: g++ -c -fPIC -fvisibility=hidden  conftest.cpp >&5
configure:14562: $? = 0
configure:14574: result: yes
configure:14584: checking if GCC precompiled-headers should be created
configure:14618: result: yes
configure:14687: checking arch flags
configure:14722: result: none
configure:14963: creating ./config.status

## ---------------------- ##
## Running config.status. ##
## ---------------------- ##

This file was extended by MP4v2 config.status 2.0.0, which was
generated by GNU Autoconf 2.65.  Invocation command line was

  CONFIG_FILES    = 
  CONFIG_HEADERS  = 
  CONFIG_LINKS    = 
  CONFIG_COMMANDS = 
  $ ./config.status 

on ubuntu-System-Product-Name

config.status:1169: creating GNUmakefile
config.status:1169: creating include/mp4v2/project.h
config.status:1169: creating project/project.m4
config.status:1169: creating libplatform/config.h
config.status:1341: libplatform/config.h is unchanged
config.status:1389: executing depfiles commands
config.status:1389: executing libtool commands

## ---------------- ##
## Cache variables. ##
## ---------------- ##

ac_cv_build=x86_64-unknown-linux-gnu
ac_cv_c_compiler_gnu=yes
ac_cv_cxx_compiler_gnu=yes
ac_cv_env_CCC_set=
ac_cv_env_CCC_value=
ac_cv_env_CC_set=
ac_cv_env_CC_value=
ac_cv_env_CFLAGS_set=set
ac_cv_env_CFLAGS_value=-fPIC
ac_cv_env_CPPFLAGS_set=
ac_cv_env_CPPFLAGS_value=
ac_cv_env_CPP_set=
ac_cv_env_CPP_value=
ac_cv_env_CXXCPP_set=
ac_cv_env_CXXCPP_value=
ac_cv_env_CXXFLAGS_set=set
ac_cv_env_CXXFLAGS_value=-fPIC
ac_cv_env_CXX_set=
ac_cv_env_CXX_value=
ac_cv_env_LDFLAGS_set=
ac_cv_env_LDFLAGS_value=
ac_cv_env_LIBS_set=
ac_cv_env_LIBS_value=
ac_cv_env_build_alias_set=
ac_cv_env_build_alias_value=
ac_cv_env_host_alias_set=
ac_cv_env_host_alias_value=
ac_cv_env_target_alias_set=
ac_cv_env_target_alias_value=
ac_cv_header_dlfcn_h=yes
ac_cv_header_inttypes_h=yes
ac_cv_header_memory_h=yes
ac_cv_header_stdc=yes
ac_cv_header_stdint_h=yes
ac_cv_header_stdlib_h=yes
ac_cv_header_string_h=yes
ac_cv_header_strings_h=yes
ac_cv_header_sys_stat_h=yes
ac_cv_header_sys_types_h=yes
ac_cv_header_unistd_h=yes
ac_cv_host=x86_64-unknown-linux-gnu
ac_cv_objext=o
ac_cv_path_EGREP='/bin/grep -E'
ac_cv_path_FGREP='/bin/grep -F'
ac_cv_path_GREP=/bin/grep
ac_cv_path_SED=/bin/sed
ac_cv_path_install='/usr/bin/install -c'
ac_cv_path_mkdir=/bin/mkdir
ac_cv_prog_AWK=mawk
ac_cv_prog_CPP='gcc -E'
ac_cv_prog_CXXCPP='g++ -E'
ac_cv_prog_FOUND_HELP2MAN=no
ac_cv_prog_ac_ct_AR=ar
ac_cv_prog_ac_ct_CC=gcc
ac_cv_prog_ac_ct_CXX=g++
ac_cv_prog_ac_ct_OBJDUMP=objdump
ac_cv_prog_ac_ct_RANLIB=ranlib
ac_cv_prog_ac_ct_STRIP=strip
ac_cv_prog_cc_c89=
ac_cv_prog_cc_g=yes
ac_cv_prog_cxx_g=yes
ac_cv_prog_make_make_set=yes
am_cv_CC_dependencies_compiler_type=none
am_cv_CXX_dependencies_compiler_type=none
lt_cv_deplibs_check_method=pass_all
lt_cv_file_magic_cmd='$MAGIC_CMD'
lt_cv_file_magic_test_file=
lt_cv_ld_reload_flag=-r
lt_cv_nm_interface='BSD nm'
lt_cv_objdir=.libs
lt_cv_path_LD=/usr/bin/ld
lt_cv_path_LDCXX='/usr/bin/ld -m elf_x86_64'
lt_cv_path_NM='/usr/bin/nm -B'
lt_cv_prog_compiler_c_o=yes
lt_cv_prog_compiler_c_o_CXX=yes
lt_cv_prog_compiler_pic_works=yes
lt_cv_prog_compiler_pic_works_CXX=yes
lt_cv_prog_compiler_rtti_exceptions=no
lt_cv_prog_compiler_static_works=yes
lt_cv_prog_compiler_static_works_CXX=yes
lt_cv_prog_gnu_ld=yes
lt_cv_prog_gnu_ldcxx=yes
lt_cv_sys_global_symbol_pipe='sed -n -e '\''s/^.*[	 ]\([ABCDGIRSTW][ABCDGIRSTW]*\)[	 ][	 ]*\([_A-Za-z][_A-Za-z0-9]*\)$/\1 \2 \2/p'\'''
lt_cv_sys_global_symbol_to_c_name_address='sed -n -e '\''s/^: \([^ ]*\) $/  {\"\1\", (void *) 0},/p'\'' -e '\''s/^[ABCDGIRSTW]* \([^ ]*\) \([^ ]*\)$/  {"\2", (void *) \&\2},/p'\'''
lt_cv_sys_global_symbol_to_c_name_address_lib_prefix='sed -n -e '\''s/^: \([^ ]*\) $/  {\"\1\", (void *) 0},/p'\'' -e '\''s/^[ABCDGIRSTW]* \([^ ]*\) \(lib[^ ]*\)$/  {"\2", (void *) \&\2},/p'\'' -e '\''s/^[ABCDGIRSTW]* \([^ ]*\) \([^ ]*\)$/  {"lib\2", (void *) \&\2},/p'\'''
lt_cv_sys_global_symbol_to_cdecl='sed -n -e '\''s/^T .* \(.*\)$/extern int \1();/p'\'' -e '\''s/^[ABCDGIRSTW]* .* \(.*\)$/extern char \1;/p'\'''
lt_cv_sys_max_cmd_len=1572864
x_cv_fvisibility=yes

## ----------------- ##
## Output variables. ##
## ----------------- ##

ACLOCAL='${SHELL} /usr/local/src/mp4v2/autoaux/missing --run aclocal-1.11'
ADD_MANS_FALSE='#'
ADD_MANS_TRUE=''
ADD_PLATFORM_POSIX_FALSE='#'
ADD_PLATFORM_POSIX_TRUE=''
ADD_PLATFORM_WIN32_FALSE=''
ADD_PLATFORM_WIN32_TRUE='#'
ADD_UTIL_FALSE='#'
ADD_UTIL_TRUE=''
AMDEPBACKSLASH=''
AMDEP_FALSE=''
AMDEP_TRUE='#'
AMTAR='${SHELL} /usr/local/src/mp4v2/autoaux/missing --run tar'
AR='ar'
AUTOCONF='${SHELL} /usr/local/src/mp4v2/autoaux/missing --run autoconf'
AUTOHEADER='${SHELL} /usr/local/src/mp4v2/autoaux/missing --run autoheader'
AUTOMAKE='${SHELL} /usr/local/src/mp4v2/autoaux/missing --run automake-1.11'
AWK='mawk'
CC='gcc'
CCDEPMODE='depmode=none'
CFLAGS='-fPIC'
CPP='gcc -E'
CPPFLAGS=''
CXX='g++'
CXXCPP='g++ -E'
CXXDEPMODE='depmode=none'
CXXFLAGS='-fPIC -fvisibility=hidden'
CYGPATH_W='echo'
DEFS='-DHAVE_CONFIG_H'
DEPDIR='.deps'
DSYMUTIL=''
DUMPBIN=''
ECHO_C=''
ECHO_N='-n'
ECHO_T=''
EGREP='/bin/grep -E'
EXEEXT=''
FGREP='/bin/grep -F'
FOUND_HELP2MAN='no'
GREP='/bin/grep'
INSTALL_DATA='${INSTALL} -m 644'
INSTALL_PROGRAM='${INSTALL}'
INSTALL_SCRIPT='${INSTALL}'
INSTALL_STRIP_PROGRAM='$(install_sh) -c -s'
LD='/usr/bin/ld -m elf_x86_64'
LDFLAGS=''
LIBOBJS=''
LIBS=''
LIBTOOL='$(SHELL) $(top_builddir)/libtool'
LIPO=''
LN_S='ln -s'
LTLIBOBJS=''
MAKEINFO='${SHELL} /usr/local/src/mp4v2/autoaux/missing --run makeinfo'
MKDIR_P='/bin/mkdir -p'
NM='/usr/bin/nm -B'
NMEDIT=''
OBJDUMP='objdump'
OBJEXT='o'
OTOOL64=''
OTOOL=''
PACKAGE='mp4v2'
PACKAGE_BUGREPORT='kidjan@gmail.com'
PACKAGE_NAME='MP4v2'
PACKAGE_STRING='MP4v2 2.0.0'
PACKAGE_TARNAME='mp4v2'
PACKAGE_URL=''
PACKAGE_VERSION='2.0.0'
PATH_SEPARATOR=':'
PROJECT_bugreport='<kidjan@gmail.com>'
PROJECT_build='Fri Aug 16 12:08:07 CST 2019'
PROJECT_irc='irc://irc.freenode.net/handbrake'
PROJECT_name='MP4v2'
PROJECT_name_formal='MP4v2 2.0.0'
PROJECT_name_lower='mp4v2'
PROJECT_name_upper='MP4V2'
PROJECT_repo_branch='2.0.0'
PROJECT_repo_date='2012-05-20 15:16:54 -0700 (Sun, 20 May 2012)'
PROJECT_repo_rev='493'
PROJECT_repo_root='https://mp4v2.googlecode.com/svn'
PROJECT_repo_type='stable'
PROJECT_repo_url='https://mp4v2.googlecode.com/svn/releases/2.0.0'
PROJECT_repo_uuid='6e6572fa-98a6-11dd-ad9f-f77439c74b79'
PROJECT_url_discussion='http://groups.google.com/group/mp4v2'
PROJECT_url_downloads='http://code.google.com/p/mp4v2/downloads/list'
PROJECT_url_website='http://code.google.com/p/mp4v2'
PROJECT_version='2.0.0'
PROJECT_version_hex='0x00020000'
PROJECT_version_major='2'
PROJECT_version_minor='0'
PROJECT_version_point='0'
RANLIB='ranlib'
SED='/bin/sed'
SET_MAKE=''
SHELL='/bin/bash'
STRIP='strip'
VERSION='2.0.0'
X_CXX_ARCH=''
X_CXX_D=''
X_CXX_I=''
X_CXX_W=''
X_GCH='1'
X_GCH_FLAGS=''
X_GCH_SHARED='1'
X_GCH_SHARED_FLAGS=' -fPIC -DPIC'
X_GCH_STATIC='1'
X_GCH_STATIC_FLAGS='-static'
X_MINGW_LIBS=''
X_libmp4v2_la_LDFLAGS=''
ac_ct_CC='gcc'
ac_ct_CXX='g++'
ac_ct_DUMPBIN=''
am__EXEEXT_FALSE=''
am__EXEEXT_TRUE='#'
am__fastdepCC_FALSE=''
am__fastdepCC_TRUE='#'
am__fastdepCXX_FALSE=''
am__fastdepCXX_TRUE='#'
am__include='include'
am__isrc=''
am__leading_dot='.'
am__quote=''
am__tar='${AMTAR} chof - "$$tardir"'
am__untar='${AMTAR} xf -'
bindir='${exec_prefix}/bin'
build='x86_64-unknown-linux-gnu'
build_alias=''
build_cpu='x86_64'
build_os='linux-gnu'
build_vendor='unknown'
datadir='${datarootdir}'
datarootdir='${prefix}/share'
docdir='${datarootdir}/doc/${PACKAGE_TARNAME}'
dvidir='${docdir}'
exec_prefix='${prefix}'
host='x86_64-unknown-linux-gnu'
host_alias=''
host_cpu='x86_64'
host_os='linux-gnu'
host_vendor='unknown'
htmldir='${docdir}'
includedir='${prefix}/include'
infodir='${datarootdir}/info'
install_sh='${SHELL} /usr/local/src/mp4v2/autoaux/install-sh'
libdir='${exec_prefix}/lib'
libexecdir='${exec_prefix}/libexec'
localedir='${datarootdir}/locale'
localstatedir='${prefix}/var'
lt_ECHO='echo'
mandir='${datarootdir}/man'
mkdir_p='/bin/mkdir -p'
oldincludedir='/usr/include'
pdfdir='${docdir}'
prefix='/usr/local'
program_transform_name='s,x,x,'
psdir='${docdir}'
sbindir='${exec_prefix}/sbin'
sharedstatedir='${prefix}/com'
sysconfdir='${prefix}/etc'
target_alias=''

## ----------- ##
## confdefs.h. ##
## ----------- ##

/* confdefs.h */
#define PACKAGE_NAME "MP4v2"
#define PACKAGE_TARNAME "mp4v2"
#define PACKAGE_VERSION "2.0.0"
#define PACKAGE_STRING "MP4v2 2.0.0"
#define PACKAGE_BUGREPORT "kidjan@gmail.com"
#define PACKAGE_URL ""
#define PACKAGE "mp4v2"
#define VERSION "2.0.0"
#define STDC_HEADERS 1
#define HAVE_SYS_TYPES_H 1
#define HAVE_SYS_STAT_H 1
#define HAVE_STDLIB_H 1
#define HAVE_STRING_H 1
#define HAVE_MEMORY_H 1
#define HAVE_STRINGS_H 1
#define HAVE_INTTYPES_H 1
#define HAVE_STDINT_H 1
#define HAVE_UNISTD_H 1
#define HAVE_DLFCN_H 1
#define LT_OBJDIR ".libs/"

configure: exit 0
